<?xml version="1.0" encoding="UTF-8"?>
<!-- Generated by org.testng.reporters.JUnitReportReporter -->
<testsuite hostname="MS-20170527WBQB" name="testAppium.testcase7" tests="1" failures="0" timestamp="6 Jul 2017 13:33:03 GMT" time="47.745" errors="0">
  <testcase name="firstDemo" time="47.745" classname="testAppium.testcase7"/>
</testsuite> <!-- testAppium.testcase7 -->
