<?xml version="1.0" encoding="UTF-8"?>
<!-- Generated by org.testng.reporters.JUnitReportReporter -->
<testsuite hostname="MS-20170527WBQB" name="testAppium.testcase4" tests="1" failures="0" timestamp="6 Jul 2017 12:30:08 GMT" time="44.321" errors="0">
  <testcase name="firstDemo" time="44.321" classname="testAppium.testcase4"/>
</testsuite> <!-- testAppium.testcase4 -->
