<?xml version="1.0" encoding="UTF-8"?>
<!-- Generated by org.testng.reporters.JUnitReportReporter -->
<testsuite hostname="MS-20170527WBQB" name="testAppium.testcase5" tests="1" failures="0" timestamp="6 Jul 2017 12:29:00 GMT" time="46.290" errors="0">
  <testcase name="firstDemo" time="46.290" classname="testAppium.testcase5"/>
</testsuite> <!-- testAppium.testcase5 -->
